# JRE version: OpenJDK Runtime Environment (8.0_202-b03) (build 1.8.0_202-release-1483-b03)
# Java VM: OpenJDK 64-Bit Server VM (25.202-b03 mixed mode windows-amd64 compressed oops)
Heap:
 PSYoungGen      total 192512K, used 167441K [0x00000000e0000000, 0x00000000f1700000, 0x0000000100000000)
  eden space 176128K, 95% used [0x00000000e0000000,0x00000000ea3844d8,0x00000000eac00000)
  from space 16384K, 0% used [0x00000000eac00000,0x00000000eac00000,0x00000000ebc00000)
  to   space 17920K, 0% used [0x00000000f0580000,0x00000000f0580000,0x00000000f1700000)
 ParOldGen       total 49152K, used 36689K [0x00000000a0000000, 0x00000000a3000000, 0x00000000e0000000)
  object space 49152K, 74% used [0x00000000a0000000,0x00000000a23d4478,0x00000000a3000000)
 Metaspace       used 65082K, capacity 67028K, committed 67288K, reserved 1107968K
  class space    used 8715K, capacity 9189K, committed 9216K, reserved 1048576K
GC Heap History (10 events):
Event: 16.660 GC heap before
{Heap before GC invocations=10 (full 1):
 PSYoungGen      total 128000K, used 125502K [0x00000000e0000000, 0x00000000e8f80000, 0x0000000100000000)
  eden space 119808K, 98% used [0x00000000e0000000,0x00000000e72e71a0,0x00000000e7500000)
  from space 8192K, 95% used [0x00000000e8780000,0x00000000e8f286e0,0x00000000e8f80000)
  to   space 10240K, 0% used [0x00000000e7b80000,0x00000000e7b80000,0x00000000e8580000)
 ParOldGen       total 36352K, used 13837K [0x00000000a0000000, 0x00000000a2380000, 0x00000000e0000000)
  object space 36352K, 38% used [0x00000000a0000000,0x00000000a0d834e8,0x00000000a2380000)
 Metaspace       used 34670K, capacity 35380K, committed 35456K, reserved 1079296K
  class space    used 4776K, capacity 4956K, committed 4992K, reserved 1048576K
Event: 16.725 GC heap after
Heap after GC invocations=10 (full 1):
 PSYoungGen      total 136704K, used 10228K [0x00000000e0000000, 0x00000000ec900000, 0x0000000100000000)
  eden space 126464K, 0% used [0x00000000e0000000,0x00000000e0000000,0x00000000e7b80000)
  from space 10240K, 99% used [0x00000000e7b80000,0x00000000e857d388,0x00000000e8580000)
  to   space 13312K, 0% used [0x00000000ebc00000,0x00000000ebc00000,0x00000000ec900000)
 ParOldGen       total 36352K, used 17342K [0x00000000a0000000, 0x00000000a2380000, 0x00000000e0000000)
  object space 36352K, 47% used [0x00000000a0000000,0x00000000a10ef840,0x00000000a2380000)
 Metaspace       used 34670K, capacity 35380K, committed 35456K, reserved 1079296K
  class space    used 4776K, capacity 4956K, committed 4992K, reserved 1048576K
}
Event: 16.725 GC heap before
{Heap before GC invocations=11 (full 2):
 PSYoungGen      total 136704K, used 10228K [0x00000000e0000000, 0x00000000ec900000, 0x0000000100000000)
  eden space 126464K, 0% used [0x00000000e0000000,0x00000000e0000000,0x00000000e7b80000)
  from space 10240K, 99% used [0x00000000e7b80000,0x00000000e857d388,0x00000000e8580000)
  to   space 13312K, 0% used [0x00000000ebc00000,0x00000000ebc00000,0x00000000ec900000)
 ParOldGen       total 36352K, used 17342K [0x00000000a0000000, 0x00000000a2380000, 0x00000000e0000000)
  object space 36352K, 47% used [0x00000000a0000000,0x00000000a10ef840,0x00000000a2380000)
 Metaspace       used 34670K, capacity 35380K, committed 35456K, reserved 1079296K
  class space    used 4776K, capacity 4956K, committed 4992K, reserved 1048576K
Event: 16.895 GC heap after
Heap after GC invocations=11 (full 2):
 PSYoungGen      total 136704K, used 0K [0x00000000e0000000, 0x00000000ec900000, 0x0000000100000000)
  eden space 126464K, 0% used [0x00000000e0000000,0x00000000e0000000,0x00000000e7b80000)
  from space 10240K, 0% used [0x00000000e7b80000,0x00000000e7b80000,0x00000000e8580000)
  to   space 13312K, 0% used [0x00000000ebc00000,0x00000000ebc00000,0x00000000ec900000)
 ParOldGen       total 49152K, used 20839K [0x00000000a0000000, 0x00000000a3000000, 0x00000000e0000000)
  object space 49152K, 42% used [0x00000000a0000000,0x00000000a1459c28,0x00000000a3000000)
 Metaspace       used 34670K, capacity 35380K, committed 35456K, reserved 1079296K
  class space    used 4776K, capacity 4956K, committed 4992K, reserved 1048576K
}
Event: 19.161 GC heap before
{Heap before GC invocations=12 (full 2):
 PSYoungGen      total 136704K, used 126464K [0x00000000e0000000, 0x00000000ec900000, 0x0000000100000000)
  eden space 126464K, 100% used [0x00000000e0000000,0x00000000e7b80000,0x00000000e7b80000)
  from space 10240K, 0% used [0x00000000e7b80000,0x00000000e7b80000,0x00000000e8580000)
  to   space 13312K, 0% used [0x00000000ebc00000,0x00000000ebc00000,0x00000000ec900000)
 ParOldGen       total 49152K, used 20839K [0x00000000a0000000, 0x00000000a3000000, 0x00000000e0000000)
  object space 49152K, 42% used [0x00000000a0000000,0x00000000a1459c28,0x00000000a3000000)
 Metaspace       used 47184K, capacity 48360K, committed 48512K, reserved 1091584K
  class space    used 6349K, capacity 6667K, committed 6784K, reserved 1048576K
Event: 19.188 GC heap after
Heap after GC invocations=12 (full 2):
 PSYoungGen      total 189440K, used 13296K [0x00000000e0000000, 0x00000000ece00000, 0x0000000100000000)
  eden space 176128K, 0% used [0x00000000e0000000,0x00000000e0000000,0x00000000eac00000)
  from space 13312K, 99% used [0x00000000ebc00000,0x00000000ec8fc238,0x00000000ec900000)
  to   space 16384K, 0% used [0x00000000eac00000,0x00000000eac00000,0x00000000ebc00000)
 ParOldGen       total 49152K, used 23910K [0x00000000a0000000, 0x00000000a3000000, 0x00000000e0000000)
  object space 49152K, 48% used [0x00000000a0000000,0x00000000a17599b0,0x00000000a3000000)
 Metaspace       used 47184K, capacity 48360K, committed 48512K, reserved 1091584K
  class space    used 6349K, capacity 6667K, committed 6784K, reserved 1048576K
}
Event: 22.295 GC heap before
{Heap before GC invocations=13 (full 2):
 PSYoungGen      total 189440K, used 139472K [0x00000000e0000000, 0x00000000ece00000, 0x0000000100000000)
  eden space 176128K, 71% used [0x00000000e0000000,0x00000000e7b38118,0x00000000eac00000)
  from space 13312K, 99% used [0x00000000ebc00000,0x00000000ec8fc238,0x00000000ec900000)
  to   space 16384K, 0% used [0x00000000eac00000,0x00000000eac00000,0x00000000ebc00000)
 ParOldGen       total 49152K, used 23910K [0x00000000a0000000, 0x00000000a3000000, 0x00000000e0000000)
  object space 49152K, 48% used [0x00000000a0000000,0x00000000a17599b0,0x00000000a3000000)
 Metaspace       used 57372K, capacity 58930K, committed 59096K, reserved 1099776K
  class space    used 7812K, capacity 8186K, committed 8192K, reserved 1048576K
Event: 22.479 GC heap after
Heap after GC invocations=13 (full 2):
 PSYoungGen      total 192512K, used 14030K [0x00000000e0000000, 0x00000000f1700000, 0x0000000100000000)
  eden space 176128K, 0% used [0x00000000e0000000,0x00000000e0000000,0x00000000eac00000)
  from space 16384K, 85% used [0x00000000eac00000,0x00000000eb9b3b88,0x00000000ebc00000)
  to   space 17920K, 0% used [0x00000000f0580000,0x00000000f0580000,0x00000000f1700000)
 ParOldGen       total 49152K, used 31910K [0x00000000a0000000, 0x00000000a3000000, 0x00000000e0000000)
  object space 49152K, 64% used [0x00000000a0000000,0x00000000a1f29a38,0x00000000a3000000)
 Metaspace       used 57372K, capacity 58930K, committed 59096K, reserved 1099776K
  class space    used 7812K, capacity 8186K, committed 8192K, reserved 1048576K
}
Event: 22.479 GC heap before
{Heap before GC invocations=14 (full 3):
 PSYoungGen      total 192512K, used 14030K [0x00000000e0000000, 0x00000000f1700000, 0x0000000100000000)
  eden space 176128K, 0% used [0x00000000e0000000,0x00000000e0000000,0x00000000eac00000)
  from space 16384K, 85% used [0x00000000eac00000,0x00000000eb9b3b88,0x00000000ebc00000)
  to   space 17920K, 0% used [0x00000000f0580000,0x00000000f0580000,0x00000000f1700000)
 ParOldGen       total 49152K, used 31910K [0x00000000a0000000, 0x00000000a3000000, 0x00000000e0000000)
  object space 49152K, 64% used [0x00000000a0000000,0x00000000a1f29a38,0x00000000a3000000)
 Metaspace       used 57372K, capacity 58930K, committed 59096K, reserved 1099776K
  class space    used 7812K, capacity 8186K, committed 8192K, reserved 1048576K
Event: 22.752 GC heap after
Heap after GC invocations=14 (full 3):
 PSYoungGen      total 192512K, used 0K [0x00000000e0000000, 0x00000000f1700000, 0x0000000100000000)
  eden space 176128K, 0% used [0x00000000e0000000,0x00000000e0000000,0x00000000eac00000)
  from space 16384K, 0% used [0x00000000eac00000,0x00000000eac00000,0x00000000ebc00000)
  to   space 17920K, 0% used [0x00000000f0580000,0x00000000f0580000,0x00000000f1700000)
 ParOldGen       total 49152K, used 36689K [0x00000000a0000000, 0x00000000a3000000, 0x00000000e0000000)
  object space 49152K, 74% used [0x00000000a0000000,0x00000000a23d4478,0x00000000a3000000)
 Metaspace       used 57372K, capacity 58930K, committed 59096K, reserved 1099776K
  class space    used 7812K, capacity 8186K, committed 8192K, reserved 1048576K
}

