# JRE version: OpenJDK Runtime Environment (8.0_202-b03) (build 1.8.0_202-release-1483-b03)
# Java VM: OpenJDK 64-Bit Server VM (25.202-b03 mixed mode windows-amd64 compressed oops)
Heap:
 PSYoungGen      total 465408K, used 306974K [0x00000000e0000000, 0x0000000100000000, 0x0000000100000000)
  eden space 439296K, 63% used [0x00000000e0000000,0x00000000f1275768,0x00000000fad00000)
  from space 26112K, 99% used [0x00000000fad00000,0x00000000fc6523f0,0x00000000fc680000)
  to   space 43520K, 0% used [0x00000000fd580000,0x00000000fd580000,0x0000000100000000)
 ParOldGen       total 71168K, used 50565K [0x00000000a0000000, 0x00000000a4580000, 0x00000000e0000000)
  object space 71168K, 71% used [0x00000000a0000000,0x00000000a3161670,0x00000000a4580000)
 Metaspace       used 87258K, capacity 91948K, committed 92120K, reserved 1128448K
  class space    used 11361K, capacity 12217K, committed 12288K, reserved 1048576K
GC Heap History (10 events):
Event: 163.735 GC heap before
{Heap before GC invocations=14 (full 3):
 PSYoungGen      total 354816K, used 332800K [0x00000000e0000000, 0x00000000f7a80000, 0x0000000100000000)
  eden space 332800K, 100% used [0x00000000e0000000,0x00000000f4500000,0x00000000f4500000)
  from space 22016K, 0% used [0x00000000f5b00000,0x00000000f5b00000,0x00000000f7080000)
  to   space 22528K, 0% used [0x00000000f4500000,0x00000000f4500000,0x00000000f5b00000)
 ParOldGen       total 71168K, used 29127K [0x00000000a0000000, 0x00000000a4580000, 0x00000000e0000000)
  object space 71168K, 40% used [0x00000000a0000000,0x00000000a1c71d78,0x00000000a4580000)
 Metaspace       used 74171K, capacity 76498K, committed 76632K, reserved 1116160K
  class space    used 9816K, capacity 10340K, committed 10368K, reserved 1048576K
Event: 163.768 GC heap after
Heap after GC invocations=14 (full 3):
 PSYoungGen      total 355328K, used 22517K [0x00000000e0000000, 0x00000000fd700000, 0x0000000100000000)
  eden space 332800K, 0% used [0x00000000e0000000,0x00000000e0000000,0x00000000f4500000)
  from space 22528K, 99% used [0x00000000f4500000,0x00000000f5afd5a0,0x00000000f5b00000)
  to   space 26624K, 0% used [0x00000000fbd00000,0x00000000fbd00000,0x00000000fd700000)
 ParOldGen       total 71168K, used 30641K [0x00000000a0000000, 0x00000000a4580000, 0x00000000e0000000)
  object space 71168K, 43% used [0x00000000a0000000,0x00000000a1dec708,0x00000000a4580000)
 Metaspace       used 74171K, capacity 76498K, committed 76632K, reserved 1116160K
  class space    used 9816K, capacity 10340K, committed 10368K, reserved 1048576K
}
Event: 292.355 GC heap before
{Heap before GC invocations=15 (full 3):
 PSYoungGen      total 355328K, used 355317K [0x00000000e0000000, 0x00000000fd700000, 0x0000000100000000)
  eden space 332800K, 100% used [0x00000000e0000000,0x00000000f4500000,0x00000000f4500000)
  from space 22528K, 99% used [0x00000000f4500000,0x00000000f5afd5a0,0x00000000f5b00000)
  to   space 26624K, 0% used [0x00000000fbd00000,0x00000000fbd00000,0x00000000fd700000)
 ParOldGen       total 71168K, used 30641K [0x00000000a0000000, 0x00000000a4580000, 0x00000000e0000000)
  object space 71168K, 43% used [0x00000000a0000000,0x00000000a1dec708,0x00000000a4580000)
 Metaspace       used 81692K, capacity 84878K, committed 84952K, reserved 1122304K
  class space    used 10860K, capacity 11520K, committed 11520K, reserved 1048576K
Event: 292.441 GC heap after
Heap after GC invocations=15 (full 3):
 PSYoungGen      total 441856K, used 26595K [0x00000000e0000000, 0x00000000fdc80000, 0x0000000100000000)
  eden space 415232K, 0% used [0x00000000e0000000,0x00000000e0000000,0x00000000f9580000)
  from space 26624K, 99% used [0x00000000fbd00000,0x00000000fd6f8c98,0x00000000fd700000)
  to   space 36352K, 0% used [0x00000000f9580000,0x00000000f9580000,0x00000000fb900000)
 ParOldGen       total 71168K, used 46044K [0x00000000a0000000, 0x00000000a4580000, 0x00000000e0000000)
  object space 71168K, 64% used [0x00000000a0000000,0x00000000a2cf7370,0x00000000a4580000)
 Metaspace       used 81692K, capacity 84878K, committed 84952K, reserved 1122304K
  class space    used 10860K, capacity 11520K, committed 11520K, reserved 1048576K
}
Event: 1033.081 GC heap before
{Heap before GC invocations=16 (full 3):
 PSYoungGen      total 441856K, used 441827K [0x00000000e0000000, 0x00000000fdc80000, 0x0000000100000000)
  eden space 415232K, 100% used [0x00000000e0000000,0x00000000f9580000,0x00000000f9580000)
  from space 26624K, 99% used [0x00000000fbd00000,0x00000000fd6f8c98,0x00000000fd700000)
  to   space 36352K, 0% used [0x00000000f9580000,0x00000000f9580000,0x00000000fb900000)
 ParOldGen       total 71168K, used 46044K [0x00000000a0000000, 0x00000000a4580000, 0x00000000e0000000)
  object space 71168K, 64% used [0x00000000a0000000,0x00000000a2cf7370,0x00000000a4580000)
 Metaspace       used 83542K, capacity 87084K, committed 87256K, reserved 1124352K
  class space    used 11003K, capacity 11709K, committed 11776K, reserved 1048576K
Event: 1033.117 GC heap after
Heap after GC invocations=16 (full 3):
 PSYoungGen      total 451584K, used 5730K [0x00000000e0000000, 0x0000000100000000, 0x0000000100000000)
  eden space 415232K, 0% used [0x00000000e0000000,0x00000000e0000000,0x00000000f9580000)
  from space 36352K, 15% used [0x00000000f9580000,0x00000000f9b18ae0,0x00000000fb900000)
  to   space 35840K, 0% used [0x00000000fdd00000,0x00000000fdd00000,0x0000000100000000)
 ParOldGen       total 71168K, used 47416K [0x00000000a0000000, 0x00000000a4580000, 0x00000000e0000000)
  object space 71168K, 66% used [0x00000000a0000000,0x00000000a2e4e3b0,0x00000000a4580000)
 Metaspace       used 83542K, capacity 87084K, committed 87256K, reserved 1124352K
  class space    used 11003K, capacity 11709K, committed 11776K, reserved 1048576K
}
Event: 1356.736 GC heap before
{Heap before GC invocations=17 (full 3):
 PSYoungGen      total 451584K, used 420943K [0x00000000e0000000, 0x0000000100000000, 0x0000000100000000)
  eden space 415232K, 99% used [0x00000000e0000000,0x00000000f957b2b8,0x00000000f9580000)
  from space 36352K, 15% used [0x00000000f9580000,0x00000000f9b18ae0,0x00000000fb900000)
  to   space 35840K, 0% used [0x00000000fdd00000,0x00000000fdd00000,0x0000000100000000)
 ParOldGen       total 71168K, used 47416K [0x00000000a0000000, 0x00000000a4580000, 0x00000000e0000000)
  object space 71168K, 66% used [0x00000000a0000000,0x00000000a2e4e3b0,0x00000000a4580000)
 Metaspace       used 85332K, capacity 89264K, committed 89560K, reserved 1126400K
  class space    used 11167K, capacity 11937K, committed 12032K, reserved 1048576K
Event: 1356.828 GC heap after
Heap after GC invocations=17 (full 3):
 PSYoungGen      total 475136K, used 35836K [0x00000000e0000000, 0x0000000100000000, 0x0000000100000000)
  eden space 439296K, 0% used [0x00000000e0000000,0x00000000e0000000,0x00000000fad00000)
  from space 35840K, 99% used [0x00000000fdd00000,0x00000000fffff3f0,0x0000000100000000)
  to   space 42496K, 0% used [0x00000000fad00000,0x00000000fad00000,0x00000000fd680000)
 ParOldGen       total 71168K, used 49805K [0x00000000a0000000, 0x00000000a4580000, 0x00000000e0000000)
  object space 71168K, 69% used [0x00000000a0000000,0x00000000a30a3670,0x00000000a4580000)
 Metaspace       used 85332K, capacity 89264K, committed 89560K, reserved 1126400K
  class space    used 11167K, capacity 11937K, committed 12032K, reserved 1048576K
}
Event: 1478.707 GC heap before
{Heap before GC invocations=18 (full 3):
 PSYoungGen      total 475136K, used 475132K [0x00000000e0000000, 0x0000000100000000, 0x0000000100000000)
  eden space 439296K, 100% used [0x00000000e0000000,0x00000000fad00000,0x00000000fad00000)
  from space 35840K, 99% used [0x00000000fdd00000,0x00000000fffff3f0,0x0000000100000000)
  to   space 42496K, 0% used [0x00000000fad00000,0x00000000fad00000,0x00000000fd680000)
 ParOldGen       total 71168K, used 49805K [0x00000000a0000000, 0x00000000a4580000, 0x00000000e0000000)
  object space 71168K, 69% used [0x00000000a0000000,0x00000000a30a3670,0x00000000a4580000)
 Metaspace       used 86098K, capacity 90426K, committed 90712K, reserved 1128448K
  class space    used 11225K, capacity 12040K, committed 12160K, reserved 1048576K
Event: 1478.750 GC heap after
Heap after GC invocations=18 (full 3):
 PSYoungGen      total 465408K, used 25928K [0x00000000e0000000, 0x0000000100000000, 0x0000000100000000)
  eden space 439296K, 0% used [0x00000000e0000000,0x00000000e0000000,0x00000000fad00000)
  from space 26112K, 99% used [0x00000000fad00000,0x00000000fc6523f0,0x00000000fc680000)
  to   space 43520K, 0% used [0x00000000fd580000,0x00000000fd580000,0x0000000100000000)
 ParOldGen       total 71168K, used 50565K [0x00000000a0000000, 0x00000000a4580000, 0x00000000e0000000)
  object space 71168K, 71% used [0x00000000a0000000,0x00000000a3161670,0x00000000a4580000)
 Metaspace       used 86098K, capacity 90426K, committed 90712K, reserved 1128448K
  class space    used 11225K, capacity 12040K, committed 12160K, reserved 1048576K
}

