# JRE version: OpenJDK Runtime Environment (8.0_202-b03) (build 1.8.0_202-release-1483-b03)
# Java VM: OpenJDK 64-Bit Server VM (25.202-b03 mixed mode windows-amd64 compressed oops)
Heap:
 PSYoungGen      total 320512K, used 92570K [0x00000000e0000000, 0x00000000fc000000, 0x0000000100000000)
  eden space 278528K, 33% used [0x00000000e0000000,0x00000000e5a66ac0,0x00000000f1000000)
  from space 41984K, 0% used [0x00000000f1000000,0x00000000f1000000,0x00000000f3900000)
  to   space 64512K, 0% used [0x00000000f8100000,0x00000000f8100000,0x00000000fc000000)
 ParOldGen       total 204800K, used 96552K [0x00000000a0000000, 0x00000000ac800000, 0x00000000e0000000)
  object space 204800K, 47% used [0x00000000a0000000,0x00000000a5e4a130,0x00000000ac800000)
 Metaspace       used 81657K, capacity 84672K, committed 84992K, reserved 1122304K
  class space    used 10843K, capacity 11451K, committed 11520K, reserved 1048576K
GC Heap History (10 events):
Event: 15.275 GC heap before
{Heap before GC invocations=13 (full 3):
 PSYoungGen      total 257536K, used 16485K [0x00000000e0000000, 0x00000000f2180000, 0x0000000100000000)
  eden space 236544K, 0% used [0x00000000e0000000,0x00000000e0000000,0x00000000ee700000)
  from space 20992K, 78% used [0x00000000efd00000,0x00000000f0d195d8,0x00000000f1180000)
  to   space 22528K, 0% used [0x00000000ee700000,0x00000000ee700000,0x00000000efd00000)
 ParOldGen       total 64512K, used 28695K [0x00000000a0000000, 0x00000000a3f00000, 0x00000000e0000000)
  object space 64512K, 44% used [0x00000000a0000000,0x00000000a1c05cc0,0x00000000a3f00000)
 Metaspace       used 57452K, capacity 59066K, committed 59096K, reserved 1099776K
  class space    used 7815K, capacity 8186K, committed 8192K, reserved 1048576K
Event: 15.638 GC heap after
Heap after GC invocations=13 (full 3):
 PSYoungGen      total 257536K, used 0K [0x00000000e0000000, 0x00000000f2180000, 0x0000000100000000)
  eden space 236544K, 0% used [0x00000000e0000000,0x00000000e0000000,0x00000000ee700000)
  from space 20992K, 0% used [0x00000000efd00000,0x00000000efd00000,0x00000000f1180000)
  to   space 22528K, 0% used [0x00000000ee700000,0x00000000ee700000,0x00000000efd00000)
 ParOldGen       total 96256K, used 31556K [0x00000000a0000000, 0x00000000a5e00000, 0x00000000e0000000)
  object space 96256K, 32% used [0x00000000a0000000,0x00000000a1ed1350,0x00000000a5e00000)
 Metaspace       used 57452K, capacity 59066K, committed 59096K, reserved 1099776K
  class space    used 7815K, capacity 8186K, committed 8192K, reserved 1048576K
}
Event: 21.311 GC heap before
{Heap before GC invocations=14 (full 3):
 PSYoungGen      total 257536K, used 236544K [0x00000000e0000000, 0x00000000f2180000, 0x0000000100000000)
  eden space 236544K, 100% used [0x00000000e0000000,0x00000000ee700000,0x00000000ee700000)
  from space 20992K, 0% used [0x00000000efd00000,0x00000000efd00000,0x00000000f1180000)
  to   space 22528K, 0% used [0x00000000ee700000,0x00000000ee700000,0x00000000efd00000)
 ParOldGen       total 96256K, used 31556K [0x00000000a0000000, 0x00000000a5e00000, 0x00000000e0000000)
  object space 96256K, 32% used [0x00000000a0000000,0x00000000a1ed1350,0x00000000a5e00000)
 Metaspace       used 64634K, capacity 66754K, committed 67072K, reserved 1107968K
  class space    used 8891K, capacity 9388K, committed 9472K, reserved 1048576K
Event: 21.461 GC heap after
Heap after GC invocations=14 (full 3):
 PSYoungGen      total 259072K, used 22512K [0x00000000e0000000, 0x00000000f6280000, 0x0000000100000000)
  eden space 236544K, 0% used [0x00000000e0000000,0x00000000e0000000,0x00000000ee700000)
  from space 22528K, 99% used [0x00000000ee700000,0x00000000efcfc228,0x00000000efd00000)
  to   space 37888K, 0% used [0x00000000f3d80000,0x00000000f3d80000,0x00000000f6280000)
 ParOldGen       total 96256K, used 64026K [0x00000000a0000000, 0x00000000a5e00000, 0x00000000e0000000)
  object space 96256K, 66% used [0x00000000a0000000,0x00000000a3e86b40,0x00000000a5e00000)
 Metaspace       used 64634K, capacity 66754K, committed 67072K, reserved 1107968K
  class space    used 8891K, capacity 9388K, committed 9472K, reserved 1048576K
}
Event: 221.078 GC heap before
{Heap before GC invocations=15 (full 3):
 PSYoungGen      total 259072K, used 259056K [0x00000000e0000000, 0x00000000f6280000, 0x0000000100000000)
  eden space 236544K, 100% used [0x00000000e0000000,0x00000000ee700000,0x00000000ee700000)
  from space 22528K, 99% used [0x00000000ee700000,0x00000000efcfc228,0x00000000efd00000)
  to   space 37888K, 0% used [0x00000000f3d80000,0x00000000f3d80000,0x00000000f6280000)
 ParOldGen       total 96256K, used 64026K [0x00000000a0000000, 0x00000000a5e00000, 0x00000000e0000000)
  object space 96256K, 66% used [0x00000000a0000000,0x00000000a3e86b40,0x00000000a5e00000)
 Metaspace       used 72665K, capacity 75436K, committed 75520K, reserved 1114112K
  class space    used 9836K, capacity 10415K, committed 10496K, reserved 1048576K
Event: 221.147 GC heap after
Heap after GC invocations=15 (full 3):
 PSYoungGen      total 315904K, used 31553K [0x00000000e0000000, 0x00000000f6200000, 0x0000000100000000)
  eden space 278528K, 0% used [0x00000000e0000000,0x00000000e0000000,0x00000000f1000000)
  from space 37376K, 84% used [0x00000000f3d80000,0x00000000f5c50700,0x00000000f6200000)
  to   space 41984K, 0% used [0x00000000f1000000,0x00000000f1000000,0x00000000f3900000)
 ParOldGen       total 96256K, used 64034K [0x00000000a0000000, 0x00000000a5e00000, 0x00000000e0000000)
  object space 96256K, 66% used [0x00000000a0000000,0x00000000a3e88b40,0x00000000a5e00000)
 Metaspace       used 72665K, capacity 75436K, committed 75520K, reserved 1114112K
  class space    used 9836K, capacity 10415K, committed 10496K, reserved 1048576K
}
Event: 226.321 GC heap before
{Heap before GC invocations=16 (full 3):
 PSYoungGen      total 315904K, used 310081K [0x00000000e0000000, 0x00000000f6200000, 0x0000000100000000)
  eden space 278528K, 100% used [0x00000000e0000000,0x00000000f1000000,0x00000000f1000000)
  from space 37376K, 84% used [0x00000000f3d80000,0x00000000f5c50700,0x00000000f6200000)
  to   space 41984K, 0% used [0x00000000f1000000,0x00000000f1000000,0x00000000f3900000)
 ParOldGen       total 96256K, used 64034K [0x00000000a0000000, 0x00000000a5e00000, 0x00000000e0000000)
  object space 96256K, 66% used [0x00000000a0000000,0x00000000a3e88b40,0x00000000a5e00000)
 Metaspace       used 81204K, capacity 84286K, committed 84480K, reserved 1122304K
  class space    used 10846K, capacity 11460K, committed 11520K, reserved 1048576K
Event: 226.465 GC heap after
Heap after GC invocations=16 (full 3):
 PSYoungGen      total 320512K, used 41968K [0x00000000e0000000, 0x00000000fc000000, 0x0000000100000000)
  eden space 278528K, 0% used [0x00000000e0000000,0x00000000e0000000,0x00000000f1000000)
  from space 41984K, 99% used [0x00000000f1000000,0x00000000f38fc330,0x00000000f3900000)
  to   space 64512K, 0% used [0x00000000f8100000,0x00000000f8100000,0x00000000fc000000)
 ParOldGen       total 105984K, used 105810K [0x00000000a0000000, 0x00000000a6780000, 0x00000000e0000000)
  object space 105984K, 99% used [0x00000000a0000000,0x00000000a6754bd8,0x00000000a6780000)
 Metaspace       used 81204K, capacity 84286K, committed 84480K, reserved 1122304K
  class space    used 10846K, capacity 11460K, committed 11520K, reserved 1048576K
}
Event: 226.465 GC heap before
{Heap before GC invocations=17 (full 4):
 PSYoungGen      total 320512K, used 41968K [0x00000000e0000000, 0x00000000fc000000, 0x0000000100000000)
  eden space 278528K, 0% used [0x00000000e0000000,0x00000000e0000000,0x00000000f1000000)
  from space 41984K, 99% used [0x00000000f1000000,0x00000000f38fc330,0x00000000f3900000)
  to   space 64512K, 0% used [0x00000000f8100000,0x00000000f8100000,0x00000000fc000000)
 ParOldGen       total 105984K, used 105810K [0x00000000a0000000, 0x00000000a6780000, 0x00000000e0000000)
  object space 105984K, 99% used [0x00000000a0000000,0x00000000a6754bd8,0x00000000a6780000)
 Metaspace       used 81204K, capacity 84286K, committed 84480K, reserved 1122304K
  class space    used 10846K, capacity 11460K, committed 11520K, reserved 1048576K
Event: 227.101 GC heap after
Heap after GC invocations=17 (full 4):
 PSYoungGen      total 320512K, used 0K [0x00000000e0000000, 0x00000000fc000000, 0x0000000100000000)
  eden space 278528K, 0% used [0x00000000e0000000,0x00000000e0000000,0x00000000f1000000)
  from space 41984K, 0% used [0x00000000f1000000,0x00000000f1000000,0x00000000f3900000)
  to   space 64512K, 0% used [0x00000000f8100000,0x00000000f8100000,0x00000000fc000000)
 ParOldGen       total 204800K, used 96552K [0x00000000a0000000, 0x00000000ac800000, 0x00000000e0000000)
  object space 204800K, 47% used [0x00000000a0000000,0x00000000a5e4a130,0x00000000ac800000)
 Metaspace       used 81161K, capacity 84164K, committed 84480K, reserved 1122304K
  class space    used 10831K, capacity 11433K, committed 11520K, reserved 1048576K
}

