# JRE version: OpenJDK Runtime Environment (8.0_202-b03) (build 1.8.0_202-release-1483-b03)
# Java VM: OpenJDK 64-Bit Server VM (25.202-b03 mixed mode windows-amd64 compressed oops)
Heap:
 PSYoungGen      total 331264K, used 229273K [0x00000000e0000000, 0x00000000f9980000, 0x0000000100000000)
  eden space 260608K, 68% used [0x00000000e0000000,0x00000000eaf0f458,0x00000000efe80000)
  from space 70656K, 70% used [0x00000000f5480000,0x00000000f85572c8,0x00000000f9980000)
  to   space 79360K, 0% used [0x00000000efe80000,0x00000000efe80000,0x00000000f4c00000)
 ParOldGen       total 165376K, used 115554K [0x00000000a0000000, 0x00000000aa180000, 0x00000000e0000000)
  object space 165376K, 69% used [0x00000000a0000000,0x00000000a70d8a88,0x00000000aa180000)
 Metaspace       used 88157K, capacity 93980K, committed 94080K, reserved 1130496K
  class space    used 11335K, capacity 12347K, committed 12416K, reserved 1048576K
GC Heap History (10 events):
Event: 1356.505 GC heap before
{Heap before GC invocations=26 (full 4):
 PSYoungGen      total 376832K, used 376455K [0x00000000e0000000, 0x00000000fbc80000, 0x0000000100000000)
  eden space 321024K, 100% used [0x00000000e0000000,0x00000000f3980000,0x00000000f3980000)
  from space 55808K, 99% used [0x00000000f4700000,0x00000000f7d21f68,0x00000000f7d80000)
  to   space 64512K, 0% used [0x00000000f7d80000,0x00000000f7d80000,0x00000000fbc80000)
 ParOldGen       total 165376K, used 115514K [0x00000000a0000000, 0x00000000aa180000, 0x00000000e0000000)
  object space 165376K, 69% used [0x00000000a0000000,0x00000000a70cea88,0x00000000aa180000)
 Metaspace       used 86214K, capacity 90578K, committed 90880K, reserved 1128448K
  class space    used 11114K, capacity 11946K, committed 12032K, reserved 1048576K
Event: 1356.614 GC heap after
Heap after GC invocations=26 (full 4):
 PSYoungGen      total 372224K, used 59128K [0x00000000e0000000, 0x00000000fbf80000, 0x0000000100000000)
  eden space 307712K, 0% used [0x00000000e0000000,0x00000000e0000000,0x00000000f2c80000)
  from space 64512K, 91% used [0x00000000f7d80000,0x00000000fb73e068,0x00000000fbc80000)
  to   space 75264K, 0% used [0x00000000f2c80000,0x00000000f2c80000,0x00000000f7600000)
 ParOldGen       total 165376K, used 115522K [0x00000000a0000000, 0x00000000aa180000, 0x00000000e0000000)
  object space 165376K, 69% used [0x00000000a0000000,0x00000000a70d0a88,0x00000000aa180000)
 Metaspace       used 86214K, capacity 90578K, committed 90880K, reserved 1128448K
  class space    used 11114K, capacity 11946K, committed 12032K, reserved 1048576K
}
Event: 1491.448 GC heap before
{Heap before GC invocations=27 (full 4):
 PSYoungGen      total 372224K, used 366840K [0x00000000e0000000, 0x00000000fbf80000, 0x0000000100000000)
  eden space 307712K, 100% used [0x00000000e0000000,0x00000000f2c80000,0x00000000f2c80000)
  from space 64512K, 91% used [0x00000000f7d80000,0x00000000fb73e068,0x00000000fbc80000)
  to   space 75264K, 0% used [0x00000000f2c80000,0x00000000f2c80000,0x00000000f7600000)
 ParOldGen       total 165376K, used 115522K [0x00000000a0000000, 0x00000000aa180000, 0x00000000e0000000)
  object space 165376K, 69% used [0x00000000a0000000,0x00000000a70d0a88,0x00000000aa180000)
 Metaspace       used 86547K, capacity 90954K, committed 91136K, reserved 1128448K
  class space    used 11119K, capacity 11954K, committed 12032K, reserved 1048576K
Event: 1491.500 GC heap after
Heap after GC invocations=27 (full 4):
 PSYoungGen      total 320000K, used 24764K [0x00000000e0000000, 0x00000000fac00000, 0x0000000100000000)
  eden space 294912K, 0% used [0x00000000e0000000,0x00000000e0000000,0x00000000f2000000)
  from space 25088K, 98% used [0x00000000f2c80000,0x00000000f44af0d0,0x00000000f4500000)
  to   space 71680K, 0% used [0x00000000f6600000,0x00000000f6600000,0x00000000fac00000)
 ParOldGen       total 165376K, used 115530K [0x00000000a0000000, 0x00000000aa180000, 0x00000000e0000000)
  object space 165376K, 69% used [0x00000000a0000000,0x00000000a70d2a88,0x00000000aa180000)
 Metaspace       used 86547K, capacity 90954K, committed 91136K, reserved 1128448K
  class space    used 11119K, capacity 11954K, committed 12032K, reserved 1048576K
}
Event: 1596.475 GC heap before
{Heap before GC invocations=28 (full 4):
 PSYoungGen      total 320000K, used 319676K [0x00000000e0000000, 0x00000000fac00000, 0x0000000100000000)
  eden space 294912K, 100% used [0x00000000e0000000,0x00000000f2000000,0x00000000f2000000)
  from space 25088K, 98% used [0x00000000f2c80000,0x00000000f44af0d0,0x00000000f4500000)
  to   space 71680K, 0% used [0x00000000f6600000,0x00000000f6600000,0x00000000fac00000)
 ParOldGen       total 165376K, used 115530K [0x00000000a0000000, 0x00000000aa180000, 0x00000000e0000000)
  object space 165376K, 69% used [0x00000000a0000000,0x00000000a70d2a88,0x00000000aa180000)
 Metaspace       used 86762K, capacity 91162K, committed 91392K, reserved 1128448K
  class space    used 11121K, capacity 11956K, committed 12032K, reserved 1048576K
Event: 1596.520 GC heap after
Heap after GC invocations=28 (full 4):
 PSYoungGen      total 336896K, used 20400K [0x00000000e0000000, 0x00000000f9b00000, 0x0000000100000000)
  eden space 282624K, 0% used [0x00000000e0000000,0x00000000e0000000,0x00000000f1400000)
  from space 54272K, 37% used [0x00000000f6600000,0x00000000f79ec020,0x00000000f9b00000)
  to   space 69120K, 0% used [0x00000000f1400000,0x00000000f1400000,0x00000000f5780000)
 ParOldGen       total 165376K, used 115538K [0x00000000a0000000, 0x00000000aa180000, 0x00000000e0000000)
  object space 165376K, 69% used [0x00000000a0000000,0x00000000a70d4a88,0x00000000aa180000)
 Metaspace       used 86762K, capacity 91162K, committed 91392K, reserved 1128448K
  class space    used 11121K, capacity 11956K, committed 12032K, reserved 1048576K
}
Event: 1627.183 GC heap before
{Heap before GC invocations=29 (full 4):
 PSYoungGen      total 336896K, used 303024K [0x00000000e0000000, 0x00000000f9b00000, 0x0000000100000000)
  eden space 282624K, 100% used [0x00000000e0000000,0x00000000f1400000,0x00000000f1400000)
  from space 54272K, 37% used [0x00000000f6600000,0x00000000f79ec020,0x00000000f9b00000)
  to   space 69120K, 0% used [0x00000000f1400000,0x00000000f1400000,0x00000000f5780000)
 ParOldGen       total 165376K, used 115538K [0x00000000a0000000, 0x00000000aa180000, 0x00000000e0000000)
  object space 165376K, 69% used [0x00000000a0000000,0x00000000a70d4a88,0x00000000aa180000)
 Metaspace       used 87882K, capacity 93640K, committed 93824K, reserved 1130496K
  class space    used 11335K, capacity 12347K, committed 12416K, reserved 1048576K
Event: 1627.279 GC heap after
Heap after GC invocations=29 (full 4):
 PSYoungGen      total 333312K, used 61492K [0x00000000e0000000, 0x00000000fa000000, 0x0000000100000000)
  eden space 271360K, 0% used [0x00000000e0000000,0x00000000e0000000,0x00000000f0900000)
  from space 61952K, 99% used [0x00000000f1400000,0x00000000f500d268,0x00000000f5080000)
  to   space 77312K, 0% used [0x00000000f5480000,0x00000000f5480000,0x00000000fa000000)
 ParOldGen       total 165376K, used 115546K [0x00000000a0000000, 0x00000000aa180000, 0x00000000e0000000)
  object space 165376K, 69% used [0x00000000a0000000,0x00000000a70d6a88,0x00000000aa180000)
 Metaspace       used 87882K, capacity 93640K, committed 93824K, reserved 1130496K
  class space    used 11335K, capacity 12347K, committed 12416K, reserved 1048576K
}
Event: 1735.230 GC heap before
{Heap before GC invocations=30 (full 4):
 PSYoungGen      total 333312K, used 332852K [0x00000000e0000000, 0x00000000fa000000, 0x0000000100000000)
  eden space 271360K, 100% used [0x00000000e0000000,0x00000000f0900000,0x00000000f0900000)
  from space 61952K, 99% used [0x00000000f1400000,0x00000000f500d268,0x00000000f5080000)
  to   space 77312K, 0% used [0x00000000f5480000,0x00000000f5480000,0x00000000fa000000)
 ParOldGen       total 165376K, used 115546K [0x00000000a0000000, 0x00000000aa180000, 0x00000000e0000000)
  object space 165376K, 69% used [0x00000000a0000000,0x00000000a70d6a88,0x00000000aa180000)
 Metaspace       used 88067K, capacity 93908K, committed 94080K, reserved 1130496K
  class space    used 11335K, capacity 12347K, committed 12416K, reserved 1048576K
Event: 1735.347 GC heap after
Heap after GC invocations=30 (full 4):
 PSYoungGen      total 331264K, used 50012K [0x00000000e0000000, 0x00000000f9980000, 0x0000000100000000)
  eden space 260608K, 0% used [0x00000000e0000000,0x00000000e0000000,0x00000000efe80000)
  from space 70656K, 70% used [0x00000000f5480000,0x00000000f85572c8,0x00000000f9980000)
  to   space 79360K, 0% used [0x00000000efe80000,0x00000000efe80000,0x00000000f4c00000)
 ParOldGen       total 165376K, used 115554K [0x00000000a0000000, 0x00000000aa180000, 0x00000000e0000000)
  object space 165376K, 69% used [0x00000000a0000000,0x00000000a70d8a88,0x00000000aa180000)
 Metaspace       used 88067K, capacity 93908K, committed 94080K, reserved 1130496K
  class space    used 11335K, capacity 12347K, committed 12416K, reserved 1048576K
}

