# JRE version: OpenJDK Runtime Environment (8.0_202-b03) (build 1.8.0_202-release-1483-b03)
# Java VM: OpenJDK 64-Bit Server VM (25.202-b03 mixed mode windows-amd64 compressed oops)
Heap:
 PSYoungGen      total 499200K, used 251914K [0x00000000e0000000, 0x0000000100000000, 0x0000000100000000)
  eden space 474112K, 47% used [0x00000000e0000000,0x00000000edd830e0,0x00000000fcf00000)
  from space 25088K, 99% used [0x00000000fcf00000,0x00000000fe77f9c8,0x00000000fe780000)
  to   space 25088K, 0% used [0x00000000fe780000,0x00000000fe780000,0x0000000100000000)
 ParOldGen       total 134656K, used 71661K [0x00000000a0000000, 0x00000000a8380000, 0x00000000e0000000)
  object space 134656K, 53% used [0x00000000a0000000,0x00000000a45fb690,0x00000000a8380000)
 Metaspace       used 102761K, capacity 108428K, committed 108632K, reserved 1144832K
  class space    used 13073K, capacity 14167K, committed 14168K, reserved 1048576K
GC Heap History (10 events):
Event: 492.303 GC heap before
{Heap before GC invocations=21 (full 3):
 PSYoungGen      total 500736K, used 496661K [0x00000000e0000000, 0x0000000100000000, 0x0000000100000000)
  eden space 479232K, 100% used [0x00000000e0000000,0x00000000fd400000,0x00000000fd400000)
  from space 21504K, 81% used [0x00000000fd400000,0x00000000fe5055c0,0x00000000fe900000)
  to   space 23040K, 0% used [0x00000000fe980000,0x00000000fe980000,0x0000000100000000)
 ParOldGen       total 83456K, used 62065K [0x00000000a0000000, 0x00000000a5180000, 0x00000000e0000000)
  object space 83456K, 74% used [0x00000000a0000000,0x00000000a3c9c468,0x00000000a5180000)
 Metaspace       used 90757K, capacity 95058K, committed 95192K, reserved 1132544K
  class space    used 11595K, capacity 12417K, committed 12504K, reserved 1048576K
Event: 492.344 GC heap after
Heap after GC invocations=21 (full 3):
 PSYoungGen      total 501248K, used 3152K [0x00000000e0000000, 0x0000000100000000, 0x0000000100000000)
  eden space 478208K, 0% used [0x00000000e0000000,0x00000000e0000000,0x00000000fd300000)
  from space 23040K, 13% used [0x00000000fe980000,0x00000000fec94010,0x0000000100000000)
  to   space 23040K, 0% used [0x00000000fd300000,0x00000000fd300000,0x00000000fe980000)
 ParOldGen       total 83456K, used 77068K [0x00000000a0000000, 0x00000000a5180000, 0x00000000e0000000)
  object space 83456K, 92% used [0x00000000a0000000,0x00000000a4b43010,0x00000000a5180000)
 Metaspace       used 90757K, capacity 95058K, committed 95192K, reserved 1132544K
  class space    used 11595K, capacity 12417K, committed 12504K, reserved 1048576K
}
Event: 492.344 GC heap before
{Heap before GC invocations=22 (full 4):
 PSYoungGen      total 501248K, used 3152K [0x00000000e0000000, 0x0000000100000000, 0x0000000100000000)
  eden space 478208K, 0% used [0x00000000e0000000,0x00000000e0000000,0x00000000fd300000)
  from space 23040K, 13% used [0x00000000fe980000,0x00000000fec94010,0x0000000100000000)
  to   space 23040K, 0% used [0x00000000fd300000,0x00000000fd300000,0x00000000fe980000)
 ParOldGen       total 83456K, used 77068K [0x00000000a0000000, 0x00000000a5180000, 0x00000000e0000000)
  object space 83456K, 92% used [0x00000000a0000000,0x00000000a4b43010,0x00000000a5180000)
 Metaspace       used 90757K, capacity 95058K, committed 95192K, reserved 1132544K
  class space    used 11595K, capacity 12417K, committed 12504K, reserved 1048576K
Event: 492.868 GC heap after
Heap after GC invocations=22 (full 4):
 PSYoungGen      total 501248K, used 0K [0x00000000e0000000, 0x0000000100000000, 0x0000000100000000)
  eden space 478208K, 0% used [0x00000000e0000000,0x00000000e0000000,0x00000000fd300000)
  from space 23040K, 0% used [0x00000000fe980000,0x00000000fe980000,0x0000000100000000)
  to   space 23040K, 0% used [0x00000000fd300000,0x00000000fd300000,0x00000000fe980000)
 ParOldGen       total 134656K, used 68298K [0x00000000a0000000, 0x00000000a8380000, 0x00000000e0000000)
  object space 134656K, 50% used [0x00000000a0000000,0x00000000a42b29a8,0x00000000a8380000)
 Metaspace       used 90704K, capacity 94880K, committed 95192K, reserved 1132544K
  class space    used 11581K, capacity 12400K, committed 12504K, reserved 1048576K
}
Event: 496.595 GC heap before
{Heap before GC invocations=23 (full 4):
 PSYoungGen      total 501248K, used 478208K [0x00000000e0000000, 0x0000000100000000, 0x0000000100000000)
  eden space 478208K, 100% used [0x00000000e0000000,0x00000000fd300000,0x00000000fd300000)
  from space 23040K, 0% used [0x00000000fe980000,0x00000000fe980000,0x0000000100000000)
  to   space 23040K, 0% used [0x00000000fd300000,0x00000000fd300000,0x00000000fe980000)
 ParOldGen       total 134656K, used 68298K [0x00000000a0000000, 0x00000000a8380000, 0x00000000e0000000)
  object space 134656K, 50% used [0x00000000a0000000,0x00000000a42b29a8,0x00000000a8380000)
 Metaspace       used 90900K, capacity 95050K, committed 95192K, reserved 1132544K
  class space    used 11607K, capacity 12409K, committed 12504K, reserved 1048576K
Event: 496.639 GC heap after
Heap after GC invocations=23 (full 4):
 PSYoungGen      total 494592K, used 16345K [0x00000000e0000000, 0x0000000100000000, 0x0000000100000000)
  eden space 478208K, 0% used [0x00000000e0000000,0x00000000e0000000,0x00000000fd300000)
  from space 16384K, 99% used [0x00000000fd300000,0x00000000fe2f6410,0x00000000fe300000)
  to   space 24064K, 0% used [0x00000000fe880000,0x00000000fe880000,0x0000000100000000)
 ParOldGen       total 134656K, used 68298K [0x00000000a0000000, 0x00000000a8380000, 0x00000000e0000000)
  object space 134656K, 50% used [0x00000000a0000000,0x00000000a42b29a8,0x00000000a8380000)
 Metaspace       used 90900K, capacity 95050K, committed 95192K, reserved 1132544K
  class space    used 11607K, capacity 12409K, committed 12504K, reserved 1048576K
}
Event: 558.746 GC heap before
{Heap before GC invocations=24 (full 4):
 PSYoungGen      total 494592K, used 494129K [0x00000000e0000000, 0x0000000100000000, 0x0000000100000000)
  eden space 478208K, 99% used [0x00000000e0000000,0x00000000fd296038,0x00000000fd300000)
  from space 16384K, 99% used [0x00000000fd300000,0x00000000fe2f6410,0x00000000fe300000)
  to   space 24064K, 0% used [0x00000000fe880000,0x00000000fe880000,0x0000000100000000)
 ParOldGen       total 134656K, used 68298K [0x00000000a0000000, 0x00000000a8380000, 0x00000000e0000000)
  object space 134656K, 50% used [0x00000000a0000000,0x00000000a42b29a8,0x00000000a8380000)
 Metaspace       used 96239K, capacity 100712K, committed 100952K, reserved 1136640K
  class space    used 12251K, capacity 13142K, committed 13144K, reserved 1048576K
Event: 558.800 GC heap after
Heap after GC invocations=24 (full 4):
 PSYoungGen      total 498176K, used 16314K [0x00000000e0000000, 0x0000000100000000, 0x0000000100000000)
  eden space 474112K, 0% used [0x00000000e0000000,0x00000000e0000000,0x00000000fcf00000)
  from space 24064K, 67% used [0x00000000fe880000,0x00000000ff86e8f0,0x0000000100000000)
  to   space 25088K, 0% used [0x00000000fcf00000,0x00000000fcf00000,0x00000000fe780000)
 ParOldGen       total 134656K, used 68298K [0x00000000a0000000, 0x00000000a8380000, 0x00000000e0000000)
  object space 134656K, 50% used [0x00000000a0000000,0x00000000a42b29a8,0x00000000a8380000)
 Metaspace       used 96239K, capacity 100712K, committed 100952K, reserved 1136640K
  class space    used 12251K, capacity 13142K, committed 13144K, reserved 1048576K
}
Event: 625.782 GC heap before
{Heap before GC invocations=25 (full 4):
 PSYoungGen      total 498176K, used 490426K [0x00000000e0000000, 0x0000000100000000, 0x0000000100000000)
  eden space 474112K, 100% used [0x00000000e0000000,0x00000000fcf00000,0x00000000fcf00000)
  from space 24064K, 67% used [0x00000000fe880000,0x00000000ff86e8f0,0x0000000100000000)
  to   space 25088K, 0% used [0x00000000fcf00000,0x00000000fcf00000,0x00000000fe780000)
 ParOldGen       total 134656K, used 68298K [0x00000000a0000000, 0x00000000a8380000, 0x00000000e0000000)
  object space 134656K, 50% used [0x00000000a0000000,0x00000000a42b29a8,0x00000000a8380000)
 Metaspace       used 101114K, capacity 106218K, committed 106328K, reserved 1142784K
  class space    used 12880K, capacity 13863K, committed 13912K, reserved 1048576K
Event: 625.850 GC heap after
Heap after GC invocations=25 (full 4):
 PSYoungGen      total 499200K, used 25086K [0x00000000e0000000, 0x0000000100000000, 0x0000000100000000)
  eden space 474112K, 0% used [0x00000000e0000000,0x00000000e0000000,0x00000000fcf00000)
  from space 25088K, 99% used [0x00000000fcf00000,0x00000000fe77f9c8,0x00000000fe780000)
  to   space 25088K, 0% used [0x00000000fe780000,0x00000000fe780000,0x0000000100000000)
 ParOldGen       total 134656K, used 71661K [0x00000000a0000000, 0x00000000a8380000, 0x00000000e0000000)
  object space 134656K, 53% used [0x00000000a0000000,0x00000000a45fb690,0x00000000a8380000)
 Metaspace       used 101114K, capacity 106218K, committed 106328K, reserved 1142784K
  class space    used 12880K, capacity 13863K, committed 13912K, reserved 1048576K
}

