# JRE version: OpenJDK Runtime Environment (8.0_202-b03) (build 1.8.0_202-release-1483-b03)
# Java VM: OpenJDK 64-Bit Server VM (25.202-b03 mixed mode windows-amd64 compressed oops)
Heap:
 PSYoungGen      total 132608K, used 85235K [0x00000000e0000000, 0x00000000e8f00000, 0x0000000100000000)
  eden space 122368K, 69% used [0x00000000e0000000,0x00000000e533cf28,0x00000000e7780000)
  from space 10240K, 0% used [0x00000000e7b00000,0x00000000e7b00000,0x00000000e8500000)
  to   space 8192K, 0% used [0x00000000e8700000,0x00000000e8700000,0x00000000e8f00000)
 ParOldGen       total 48128K, used 20976K [0x00000000a0000000, 0x00000000a2f00000, 0x00000000e0000000)
  object space 48128K, 43% used [0x00000000a0000000,0x00000000a147c018,0x00000000a2f00000)
 Metaspace       used 43961K, capacity 44810K, committed 45144K, reserved 1087488K
  class space    used 5950K, capacity 6183K, committed 6272K, reserved 1048576K
GC Heap History (10 events):
Event: 7.976 GC heap before
{Heap before GC invocations=7 (full 0):
 PSYoungGen      total 70656K, used 52281K [0x00000000e0000000, 0x00000000e4e00000, 0x0000000100000000)
  eden space 64512K, 71% used [0x00000000e0000000,0x00000000e2d15548,0x00000000e3f00000)
  from space 6144K, 99% used [0x00000000e4600000,0x00000000e4bf9100,0x00000000e4c00000)
  to   space 7168K, 0% used [0x00000000e3f00000,0x00000000e3f00000,0x00000000e4600000)
 ParOldGen       total 44032K, used 7204K [0x00000000a0000000, 0x00000000a2b00000, 0x00000000e0000000)
  object space 44032K, 16% used [0x00000000a0000000,0x00000000a0709058,0x00000000a2b00000)
 Metaspace       used 20703K, capacity 21128K, committed 21248K, reserved 1067008K
  class space    used 2918K, capacity 3066K, committed 3072K, reserved 1048576K
Event: 8.013 GC heap after
Heap after GC invocations=7 (full 0):
 PSYoungGen      total 71680K, used 7145K [0x00000000e0000000, 0x00000000e9000000, 0x0000000100000000)
  eden space 64512K, 0% used [0x00000000e0000000,0x00000000e0000000,0x00000000e3f00000)
  from space 7168K, 99% used [0x00000000e3f00000,0x00000000e45fa6f8,0x00000000e4600000)
  to   space 9216K, 0% used [0x00000000e8700000,0x00000000e8700000,0x00000000e9000000)
 ParOldGen       total 44032K, used 9268K [0x00000000a0000000, 0x00000000a2b00000, 0x00000000e0000000)
  object space 44032K, 21% used [0x00000000a0000000,0x00000000a090d240,0x00000000a2b00000)
 Metaspace       used 20703K, capacity 21128K, committed 21248K, reserved 1067008K
  class space    used 2918K, capacity 3066K, committed 3072K, reserved 1048576K
}
Event: 8.013 GC heap before
{Heap before GC invocations=8 (full 1):
 PSYoungGen      total 71680K, used 7145K [0x00000000e0000000, 0x00000000e9000000, 0x0000000100000000)
  eden space 64512K, 0% used [0x00000000e0000000,0x00000000e0000000,0x00000000e3f00000)
  from space 7168K, 99% used [0x00000000e3f00000,0x00000000e45fa6f8,0x00000000e4600000)
  to   space 9216K, 0% used [0x00000000e8700000,0x00000000e8700000,0x00000000e9000000)
 ParOldGen       total 44032K, used 9268K [0x00000000a0000000, 0x00000000a2b00000, 0x00000000e0000000)
  object space 44032K, 21% used [0x00000000a0000000,0x00000000a090d240,0x00000000a2b00000)
 Metaspace       used 20703K, capacity 21128K, committed 21248K, reserved 1067008K
  class space    used 2918K, capacity 3066K, committed 3072K, reserved 1048576K
Event: 8.081 GC heap after
Heap after GC invocations=8 (full 1):
 PSYoungGen      total 71680K, used 0K [0x00000000e0000000, 0x00000000e9000000, 0x0000000100000000)
  eden space 64512K, 0% used [0x00000000e0000000,0x00000000e0000000,0x00000000e3f00000)
  from space 7168K, 0% used [0x00000000e3f00000,0x00000000e3f00000,0x00000000e4600000)
  to   space 9216K, 0% used [0x00000000e8700000,0x00000000e8700000,0x00000000e9000000)
 ParOldGen       total 35840K, used 13912K [0x00000000a0000000, 0x00000000a2300000, 0x00000000e0000000)
  object space 35840K, 38% used [0x00000000a0000000,0x00000000a0d960f0,0x00000000a2300000)
 Metaspace       used 20703K, capacity 21128K, committed 21248K, reserved 1067008K
  class space    used 2918K, capacity 3066K, committed 3072K, reserved 1048576K
}
Event: 10.471 GC heap before
{Heap before GC invocations=9 (full 1):
 PSYoungGen      total 71680K, used 64512K [0x00000000e0000000, 0x00000000e9000000, 0x0000000100000000)
  eden space 64512K, 100% used [0x00000000e0000000,0x00000000e3f00000,0x00000000e3f00000)
  from space 7168K, 0% used [0x00000000e3f00000,0x00000000e3f00000,0x00000000e4600000)
  to   space 9216K, 0% used [0x00000000e8700000,0x00000000e8700000,0x00000000e9000000)
 ParOldGen       total 35840K, used 13912K [0x00000000a0000000, 0x00000000a2300000, 0x00000000e0000000)
  object space 35840K, 38% used [0x00000000a0000000,0x00000000a0d960f0,0x00000000a2300000)
 Metaspace       used 28622K, capacity 29122K, committed 29440K, reserved 1075200K
  class space    used 3855K, capacity 4013K, committed 4096K, reserved 1048576K
Event: 10.564 GC heap after
Heap after GC invocations=9 (full 1):
 PSYoungGen      total 130560K, used 7732K [0x00000000e0000000, 0x00000000e8f00000, 0x0000000100000000)
  eden space 122368K, 0% used [0x00000000e0000000,0x00000000e0000000,0x00000000e7780000)
  from space 8192K, 94% used [0x00000000e8700000,0x00000000e8e8d070,0x00000000e8f00000)
  to   space 10240K, 0% used [0x00000000e7b00000,0x00000000e7b00000,0x00000000e8500000)
 ParOldGen       total 35840K, used 13912K [0x00000000a0000000, 0x00000000a2300000, 0x00000000e0000000)
  object space 35840K, 38% used [0x00000000a0000000,0x00000000a0d960f0,0x00000000a2300000)
 Metaspace       used 28622K, capacity 29122K, committed 29440K, reserved 1075200K
  class space    used 3855K, capacity 4013K, committed 4096K, reserved 1048576K
}
Event: 15.414 GC heap before
{Heap before GC invocations=10 (full 1):
 PSYoungGen      total 130560K, used 130100K [0x00000000e0000000, 0x00000000e8f00000, 0x0000000100000000)
  eden space 122368K, 100% used [0x00000000e0000000,0x00000000e7780000,0x00000000e7780000)
  from space 8192K, 94% used [0x00000000e8700000,0x00000000e8e8d070,0x00000000e8f00000)
  to   space 10240K, 0% used [0x00000000e7b00000,0x00000000e7b00000,0x00000000e8500000)
 ParOldGen       total 35840K, used 13912K [0x00000000a0000000, 0x00000000a2300000, 0x00000000e0000000)
  object space 35840K, 38% used [0x00000000a0000000,0x00000000a0d960f0,0x00000000a2300000)
 Metaspace       used 34575K, capacity 35258K, committed 35416K, reserved 1079296K
  class space    used 4749K, capacity 4938K, committed 4992K, reserved 1048576K
Event: 15.464 GC heap after
Heap after GC invocations=10 (full 1):
 PSYoungGen      total 132608K, used 10217K [0x00000000e0000000, 0x00000000e8f00000, 0x0000000100000000)
  eden space 122368K, 0% used [0x00000000e0000000,0x00000000e0000000,0x00000000e7780000)
  from space 10240K, 99% used [0x00000000e7b00000,0x00000000e84fa750,0x00000000e8500000)
  to   space 8192K, 0% used [0x00000000e8700000,0x00000000e8700000,0x00000000e8f00000)
 ParOldGen       total 35840K, used 17918K [0x00000000a0000000, 0x00000000a2300000, 0x00000000e0000000)
  object space 35840K, 49% used [0x00000000a0000000,0x00000000a117f848,0x00000000a2300000)
 Metaspace       used 34575K, capacity 35258K, committed 35416K, reserved 1079296K
  class space    used 4749K, capacity 4938K, committed 4992K, reserved 1048576K
}
Event: 15.465 GC heap before
{Heap before GC invocations=11 (full 2):
 PSYoungGen      total 132608K, used 10217K [0x00000000e0000000, 0x00000000e8f00000, 0x0000000100000000)
  eden space 122368K, 0% used [0x00000000e0000000,0x00000000e0000000,0x00000000e7780000)
  from space 10240K, 99% used [0x00000000e7b00000,0x00000000e84fa750,0x00000000e8500000)
  to   space 8192K, 0% used [0x00000000e8700000,0x00000000e8700000,0x00000000e8f00000)
 ParOldGen       total 35840K, used 17918K [0x00000000a0000000, 0x00000000a2300000, 0x00000000e0000000)
  object space 35840K, 49% used [0x00000000a0000000,0x00000000a117f848,0x00000000a2300000)
 Metaspace       used 34575K, capacity 35258K, committed 35416K, reserved 1079296K
  class space    used 4749K, capacity 4938K, committed 4992K, reserved 1048576K
Event: 15.653 GC heap after
Heap after GC invocations=11 (full 2):
 PSYoungGen      total 132608K, used 0K [0x00000000e0000000, 0x00000000e8f00000, 0x0000000100000000)
  eden space 122368K, 0% used [0x00000000e0000000,0x00000000e0000000,0x00000000e7780000)
  from space 10240K, 0% used [0x00000000e7b00000,0x00000000e7b00000,0x00000000e8500000)
  to   space 8192K, 0% used [0x00000000e8700000,0x00000000e8700000,0x00000000e8f00000)
 ParOldGen       total 48128K, used 20976K [0x00000000a0000000, 0x00000000a2f00000, 0x00000000e0000000)
  object space 48128K, 43% used [0x00000000a0000000,0x00000000a147c018,0x00000000a2f00000)
 Metaspace       used 34573K, capacity 35252K, committed 35416K, reserved 1079296K
  class space    used 4749K, capacity 4937K, committed 4992K, reserved 1048576K
}

