# JRE version: OpenJDK Runtime Environment (8.0_202-b03) (build 1.8.0_202-release-1483-b03)
# Java VM: OpenJDK 64-Bit Server VM (25.202-b03 mixed mode windows-amd64 compressed oops)
Heap:
 PSYoungGen      total 256512K, used 230522K [0x00000000e0000000, 0x00000000f0f80000, 0x0000000100000000)
  eden space 243712K, 94% used [0x00000000e0000000,0x00000000ee11e998,0x00000000eee00000)
  from space 12800K, 0% used [0x00000000efb80000,0x00000000efb80000,0x00000000f0800000)
  to   space 13824K, 0% used [0x00000000eee00000,0x00000000eee00000,0x00000000efb80000)
 ParOldGen       total 77312K, used 29013K [0x00000000a0000000, 0x00000000a4b80000, 0x00000000e0000000)
  object space 77312K, 37% used [0x00000000a0000000,0x00000000a1c556e8,0x00000000a4b80000)
 Metaspace       used 66668K, capacity 68682K, committed 68864K, reserved 1107968K
  class space    used 8992K, capacity 9450K, committed 9472K, reserved 1048576K
GC Heap History (10 events):
Event: 11.128 GC heap before
{Heap before GC invocations=9 (full 1):
 PSYoungGen      total 140800K, used 62588K [0x00000000e0000000, 0x00000000f0800000, 0x0000000100000000)
  eden space 131072K, 40% used [0x00000000e0000000,0x00000000e33a5ce8,0x00000000e8000000)
  from space 9728K, 99% used [0x00000000e8000000,0x00000000e8979628,0x00000000e8980000)
  to   space 12800K, 0% used [0x00000000efb80000,0x00000000efb80000,0x00000000f0800000)
 ParOldGen       total 45056K, used 19835K [0x00000000a0000000, 0x00000000a2c00000, 0x00000000e0000000)
  object space 45056K, 44% used [0x00000000a0000000,0x00000000a135efa8,0x00000000a2c00000)
 Metaspace       used 34680K, capacity 35418K, committed 35456K, reserved 1079296K
  class space    used 4776K, capacity 4962K, committed 4992K, reserved 1048576K
Event: 11.645 GC heap after
Heap after GC invocations=9 (full 1):
 PSYoungGen      total 256512K, used 10504K [0x00000000e0000000, 0x00000000f0f80000, 0x0000000100000000)
  eden space 243712K, 0% used [0x00000000e0000000,0x00000000e0000000,0x00000000eee00000)
  from space 12800K, 82% used [0x00000000efb80000,0x00000000f05c21c0,0x00000000f0800000)
  to   space 13824K, 0% used [0x00000000eee00000,0x00000000eee00000,0x00000000efb80000)
 ParOldGen       total 45056K, used 19843K [0x00000000a0000000, 0x00000000a2c00000, 0x00000000e0000000)
  object space 45056K, 44% used [0x00000000a0000000,0x00000000a1360fa8,0x00000000a2c00000)
 Metaspace       used 34680K, capacity 35418K, committed 35456K, reserved 1079296K
  class space    used 4776K, capacity 4962K, committed 4992K, reserved 1048576K
}
Event: 11.645 GC heap before
{Heap before GC invocations=10 (full 2):
 PSYoungGen      total 256512K, used 10504K [0x00000000e0000000, 0x00000000f0f80000, 0x0000000100000000)
  eden space 243712K, 0% used [0x00000000e0000000,0x00000000e0000000,0x00000000eee00000)
  from space 12800K, 82% used [0x00000000efb80000,0x00000000f05c21c0,0x00000000f0800000)
  to   space 13824K, 0% used [0x00000000eee00000,0x00000000eee00000,0x00000000efb80000)
 ParOldGen       total 45056K, used 19843K [0x00000000a0000000, 0x00000000a2c00000, 0x00000000e0000000)
  object space 45056K, 44% used [0x00000000a0000000,0x00000000a1360fa8,0x00000000a2c00000)
 Metaspace       used 34680K, capacity 35418K, committed 35456K, reserved 1079296K
  class space    used 4776K, capacity 4962K, committed 4992K, reserved 1048576K
Event: 12.540 GC heap after
Heap after GC invocations=10 (full 2):
 PSYoungGen      total 256512K, used 0K [0x00000000e0000000, 0x00000000f0f80000, 0x0000000100000000)
  eden space 243712K, 0% used [0x00000000e0000000,0x00000000e0000000,0x00000000eee00000)
  from space 12800K, 0% used [0x00000000efb80000,0x00000000efb80000,0x00000000f0800000)
  to   space 13824K, 0% used [0x00000000eee00000,0x00000000eee00000,0x00000000efb80000)
 ParOldGen       total 54784K, used 17736K [0x00000000a0000000, 0x00000000a3580000, 0x00000000e0000000)
  object space 54784K, 32% used [0x00000000a0000000,0x00000000a11520a0,0x00000000a3580000)
 Metaspace       used 34665K, capacity 35370K, committed 35456K, reserved 1079296K
  class space    used 4771K, capacity 4954K, committed 4992K, reserved 1048576K
}
Event: 21.638 GC heap before
{Heap before GC invocations=11 (full 2):
 PSYoungGen      total 256512K, used 243712K [0x00000000e0000000, 0x00000000f0f80000, 0x0000000100000000)
  eden space 243712K, 100% used [0x00000000e0000000,0x00000000eee00000,0x00000000eee00000)
  from space 12800K, 0% used [0x00000000efb80000,0x00000000efb80000,0x00000000f0800000)
  to   space 13824K, 0% used [0x00000000eee00000,0x00000000eee00000,0x00000000efb80000)
 ParOldGen       total 54784K, used 17736K [0x00000000a0000000, 0x00000000a3580000, 0x00000000e0000000)
  object space 54784K, 32% used [0x00000000a0000000,0x00000000a11520a0,0x00000000a3580000)
 Metaspace       used 56527K, capacity 58074K, committed 58368K, reserved 1099776K
  class space    used 7695K, capacity 8094K, committed 8192K, reserved 1048576K
Event: 22.276 GC heap after
Heap after GC invocations=11 (full 2):
 PSYoungGen      total 257536K, used 13814K [0x00000000e0000000, 0x00000000f0f80000, 0x0000000100000000)
  eden space 243712K, 0% used [0x00000000e0000000,0x00000000e0000000,0x00000000eee00000)
  from space 13824K, 99% used [0x00000000eee00000,0x00000000efb7db38,0x00000000efb80000)
  to   space 12800K, 0% used [0x00000000efb80000,0x00000000efb80000,0x00000000f0800000)
 ParOldGen       total 54784K, used 32356K [0x00000000a0000000, 0x00000000a3580000, 0x00000000e0000000)
  object space 54784K, 59% used [0x00000000a0000000,0x00000000a1f99018,0x00000000a3580000)
 Metaspace       used 56527K, capacity 58074K, committed 58368K, reserved 1099776K
  class space    used 7695K, capacity 8094K, committed 8192K, reserved 1048576K
}
Event: 22.928 GC heap before
{Heap before GC invocations=12 (full 2):
 PSYoungGen      total 257536K, used 27093K [0x00000000e0000000, 0x00000000f0f80000, 0x0000000100000000)
  eden space 243712K, 5% used [0x00000000e0000000,0x00000000e0cf7ac8,0x00000000eee00000)
  from space 13824K, 99% used [0x00000000eee00000,0x00000000efb7db38,0x00000000efb80000)
  to   space 12800K, 0% used [0x00000000efb80000,0x00000000efb80000,0x00000000f0800000)
 ParOldGen       total 54784K, used 32356K [0x00000000a0000000, 0x00000000a3580000, 0x00000000e0000000)
  object space 54784K, 59% used [0x00000000a0000000,0x00000000a1f99018,0x00000000a3580000)
 Metaspace       used 57288K, capacity 59006K, committed 59096K, reserved 1099776K
  class space    used 7802K, capacity 8232K, committed 8320K, reserved 1048576K
Event: 23.032 GC heap after
Heap after GC invocations=12 (full 2):
 PSYoungGen      total 256512K, used 12773K [0x00000000e0000000, 0x00000000f0f80000, 0x0000000100000000)
  eden space 243712K, 0% used [0x00000000e0000000,0x00000000e0000000,0x00000000eee00000)
  from space 12800K, 99% used [0x00000000efb80000,0x00000000f07f97d8,0x00000000f0800000)
  to   space 13824K, 0% used [0x00000000eee00000,0x00000000eee00000,0x00000000efb80000)
 ParOldGen       total 54784K, used 33271K [0x00000000a0000000, 0x00000000a3580000, 0x00000000e0000000)
  object space 54784K, 60% used [0x00000000a0000000,0x00000000a207dfa0,0x00000000a3580000)
 Metaspace       used 57288K, capacity 59006K, committed 59096K, reserved 1099776K
  class space    used 7802K, capacity 8232K, committed 8320K, reserved 1048576K
}
Event: 23.033 GC heap before
{Heap before GC invocations=13 (full 3):
 PSYoungGen      total 256512K, used 12773K [0x00000000e0000000, 0x00000000f0f80000, 0x0000000100000000)
  eden space 243712K, 0% used [0x00000000e0000000,0x00000000e0000000,0x00000000eee00000)
  from space 12800K, 99% used [0x00000000efb80000,0x00000000f07f97d8,0x00000000f0800000)
  to   space 13824K, 0% used [0x00000000eee00000,0x00000000eee00000,0x00000000efb80000)
 ParOldGen       total 54784K, used 33271K [0x00000000a0000000, 0x00000000a3580000, 0x00000000e0000000)
  object space 54784K, 60% used [0x00000000a0000000,0x00000000a207dfa0,0x00000000a3580000)
 Metaspace       used 57288K, capacity 59006K, committed 59096K, reserved 1099776K
  class space    used 7802K, capacity 8232K, committed 8320K, reserved 1048576K
Event: 23.745 GC heap after
Heap after GC invocations=13 (full 3):
 PSYoungGen      total 256512K, used 0K [0x00000000e0000000, 0x00000000f0f80000, 0x0000000100000000)
  eden space 243712K, 0% used [0x00000000e0000000,0x00000000e0000000,0x00000000eee00000)
  from space 12800K, 0% used [0x00000000efb80000,0x00000000efb80000,0x00000000f0800000)
  to   space 13824K, 0% used [0x00000000eee00000,0x00000000eee00000,0x00000000efb80000)
 ParOldGen       total 77312K, used 29013K [0x00000000a0000000, 0x00000000a4b80000, 0x00000000e0000000)
  object space 77312K, 37% used [0x00000000a0000000,0x00000000a1c556e8,0x00000000a4b80000)
 Metaspace       used 57288K, capacity 59006K, committed 59096K, reserved 1099776K
  class space    used 7802K, capacity 8232K, committed 8320K, reserved 1048576K
}

